#
# A fatal error has been detected by the Java Runtime Environment:
#
#  EXCEPTION_ACCESS_VIOLATION (0xc0000005) at pc=0x00000000506d5071, pid=4964, tid=0x0000000000002e1c
#
# JRE version: OpenJDK Runtime Environment (8.0_212-b04) (build 1.8.0_212-release-1586-b04)
# Java VM: OpenJDK 64-Bit Server VM (25.212-b04 mixed mode windows-amd64 compressed oops)
# Problematic frame:
# V  [jvm.dll+0x215071]
#
# Failed to write core dump. Minidumps are not enabled by default on client versions of Windows
#
# If you would like to submit a bug report, please visit:
#   
#

---------------  T H R E A D  ---------------

Current thread (0x000000002b98b000):  JavaThread "WorkerExecutor Queue Thread 2" [_thread_in_vm, id=11804, stack(0x0000000028c80000,0x0000000028d80000)]

siginfo: ExceptionCode=0xc0000005, reading address 0xffffffffffffffff

Registers:
RAX=0x88a8000000774298, RBX=0x88a8000000774298, RCX=0x0000000000000000, RDX=0x00000000eca67a52
RSP=0x0000000028d7da60, RBP=0x000000002b98b000, RSI=0x00000000eca67a52, RDI=0x000000001e1f5608
R8 =0x88a8000000774298, R9 =0x0000000000001000, R10=0x00007ff98f145b48, R11=0x0000000000000000
R12=0x0000000000000000, R13=0x0000007fffffff00, R14=0x0000000028d7db80, R15=0x000000002b98b000
RIP=0x00000000506d5071, EFLAGS=0x0000000000010282

Top of Stack: (sp=0x0000000028d7da60)
0x0000000028d7da60:   000000002b98b000 000000002b62de38
0x0000000028d7da70:   00000000eca91140 00000000506d6017
0x0000000028d7da80:   000000002b62de38 000000000397af14
0x0000000028d7da90:   000000002b98b000 0000000028d7db80
0x0000000028d7daa0:   0000007fffffff00 0000000000000000
0x0000000028d7dab0:   00000000eca67a52 00000000506d6076
0x0000000028d7dac0:   88a8000000774298 0000000028d7db90
0x0000000028d7dad0:   000000002b98b000 00000000ed3d7160
0x0000000028d7dae0:   000000006bacb963 0000000028d7db50
0x0000000028d7daf0:   0000000000000000 0000000050617a3e
0x0000000028d7db00:   0000000028d7db90 0000000000000000
0x0000000028d7db10:   000000002b98b000 00000000ee3615f0
0x0000000028d7db20:   00000000f2f35d48 000000000397af14
0x0000000028d7db30:   00000000eca67a52 0000000028d7db90
0x0000000028d7db40:   000000000000003e 00000000f2f36600
0x0000000028d7db50:   00000000eca67a52 00000000046be6c4 

Instructions: (pc=0x00000000506d5071)
0x00000000506d5051:   05 96 ce 55 00 33 c9 89 47 68 ff 15 df 1a 57 00
0x00000000506d5061:   48 3b c3 0f 85 46 01 00 00 48 8b c3 48 83 e0 fd
0x00000000506d5071:   48 8b 00 48 89 07 48 89 5f 18 4c 89 67 28 48 89
0x00000000506d5081:   77 08 48 8b 06 48 85 c0 74 24 4c 8d 0d 86 ec 3b 


Register to memory mapping:

RAX=0x88a8000000774298 is an unknown value
RBX=0x88a8000000774298 is an unknown value
RCX=0x0000000000000000 is an unknown value
RDX=0x00000000eca67a52 is an unknown value
RSP=0x0000000028d7da60 is pointing into the stack for thread: 0x000000002b98b000
RBP=0x000000002b98b000 is a thread
RSI=0x00000000eca67a52 is an unknown value
RDI=0x000000001e1f5608 is an unknown value
R8 =0x88a8000000774298 is an unknown value
R9 =0x0000000000001000 is an unknown value
R10=0x00007ff98f145b48 is an unknown value
R11=0x0000000000000000 is an unknown value
R12=0x0000000000000000 is an unknown value
R13=0x0000007fffffff00 is an unknown value
R14=0x0000000028d7db80 is pointing into the stack for thread: 0x000000002b98b000
R15=0x000000002b98b000 is a thread


Stack: [0x0000000028c80000,0x0000000028d80000],  sp=0x0000000028d7da60,  free space=1014k
Native frames: (J=compiled Java code, j=interpreted, Vv=VM code, C=native code)
V  [jvm.dll+0x215071]
V  [jvm.dll+0x216076]
V  [jvm.dll+0x157a3e]
C  0x000000000397af14

Java frames: (J=compiled Java code, j=interpreted, Vv=VM code)
J 2106  java.lang.System.identityHashCode(Ljava/lang/Object;)I (0 bytes) @ 0x000000000397ae92 [0x000000000397ae40+0x52]
J 9801 C2 java.util.IdentityHashMap.containsKey(Ljava/lang/Object;)Z (55 bytes) @ 0x00000000046be6c4 [0x00000000046be5e0+0xe4]
J 9816 C2 com.android.tools.r8.dex.K$g.a(Lcom/android/tools/r8/graph/U;Ljava/util/Set;Ljava/util/Set;)Z (35 bytes) @ 0x0000000004ca2fbc [0x0000000004ca2f60+0x5c]
J 22888 C2 com.android.tools.r8.graph.DexDebugEvent$i.collectIndexedItems(Lcom/android/tools/r8/dex/q;Lcom/android/tools/r8/graph/Y;I)V (74 bytes) @ 0x0000000007274da8 [0x0000000007274ce0+0xc8]
J 19422 C2 com.android.tools.r8.graph.S.collectIndexedItems(Lcom/android/tools/r8/dex/q;Lcom/android/tools/r8/graph/Y;I)V (48 bytes) @ 0x000000000615142c [0x0000000006150ba0+0x88c]
J 24684 C2 com.android.tools.r8.graph.a0.collectIndexedItems(Lcom/android/tools/r8/dex/q;Lcom/android/tools/r8/graph/Y;I)V (223 bytes) @ 0x000000000463c808 [0x000000000463c020+0x7e8]
J 25419 C2 com.android.tools.r8.dex.K.a(Lcom/android/tools/r8/graph/a0;)V (17 bytes) @ 0x000000000790d2f0 [0x000000000790d2a0+0x50]
j  com.android.tools.r8.dex.K$i.call()Ljava/util/Map;+347
j  com.android.tools.r8.dex.K$e.a()Ljava/util/Collection;+622
j  com.android.tools.r8.dex.b.b(Ljava/util/concurrent/ExecutorService;)Ljava/lang/Iterable;+120
j  com.android.tools.r8.dex.b.a(Ljava/util/concurrent/ExecutorService;)V+215
j  com.android.tools.r8.D8.d(Lcom/android/tools/r8/utils/e;Lcom/android/tools/r8/utils/X;Ljava/util/concurrent/ExecutorService;)V+452
j  com.android.tools.r8.D8.b(Lcom/android/tools/r8/utils/e;Lcom/android/tools/r8/utils/X;Ljava/util/concurrent/ExecutorService;)V+3
j  com.android.tools.r8.D8$$Lambda$464.run()V+12
j  com.android.tools.r8.utils.O.a(Lcom/android/tools/r8/utils/y0;Lcom/android/tools/r8/utils/O$a;)V+2
j  com.android.tools.r8.D8.run(Lcom/android/tools/r8/D8Command;Ljava/util/concurrent/ExecutorService;)V+22
j  com.android.builder.dexing.D8DexArchiveMerger.mergeDexArchives(Ljava/util/Iterator;Ljava/nio/file/Path;Ljava/nio/file/Path;Lcom/android/builder/dexing/DexingType;)V+432
j  com.android.build.gradle.internal.transforms.DexMergerTransformCallable.call()Ljava/lang/Void;+175
j  com.android.build.gradle.internal.tasks.DexMergingTaskRunnable.run()V+736
j  com.android.build.gradle.internal.tasks.Workers$ActionFacade.run()V+129
j  org.gradle.workers.internal.AdapterWorkAction.execute()V+51
j  org.gradle.workers.internal.DefaultWorkerServer.execute(Lorg/gradle/workers/internal/ActionExecutionSpec;)Lorg/gradle/workers/internal/DefaultWorkResult;+117
j  org.gradle.workers.internal.NoIsolationWorkerFactory$1$1$1.create()Lorg/gradle/workers/internal/DefaultWorkResult;+17
j  org.gradle.workers.internal.NoIsolationWorkerFactory$1$1$1.create()Ljava/lang/Object;+1
j  org.gradle.internal.classloader.ClassLoaderUtils.executeInClassloader(Ljava/lang/ClassLoader;Lorg/gradle/internal/Factory;)Ljava/lang/Object;+15
j  org.gradle.workers.internal.NoIsolationWorkerFactory$1$1.execute(Lorg/gradle/workers/internal/ActionExecutionSpec;)Lorg/gradle/workers/internal/DefaultWorkResult;+16
j  org.gradle.workers.internal.AbstractWorker$1.call(Lorg/gradle/internal/operations/BuildOperationContext;)Lorg/gradle/workers/internal/DefaultWorkResult;+8
j  org.gradle.workers.internal.AbstractWorker$1.call(Lorg/gradle/internal/operations/BuildOperationContext;)Ljava/lang/Object;+2
J 6386 C1 org.gradle.internal.operations.DefaultBuildOperationExecutor$CallableBuildOperationWorker.execute(Lorg/gradle/internal/operations/BuildOperation;Lorg/gradle/internal/operations/BuildOperationContext;)V (10 bytes) @ 0x000000000353c26c [0x000000000353c000+0x26c]
J 4644 C1 org.gradle.internal.operations.DefaultBuildOperationExecutor$1.execute(Lorg/gradle/internal/operations/BuildOperationDescriptor;Lorg/gradle/internal/operations/DefaultBuildOperationExecutor$DefaultBuildOperationContext;Lorg/gradle/internal/operations/DefaultBuildOperationExecutor$BuildOperationExecutionListener;)Lorg/gradle/internal/operations/BuildOperation; (82 bytes) @ 0x0000000003fb23f4 [0x0000000003fb2280+0x174]
J 27122 C1 org.gradle.internal.operations.DefaultBuildOperationExecutor.execute(Lorg/gradle/internal/operations/BuildOperationDescriptor$Builder;Lorg/gradle/internal/operations/DefaultBuildOperationExecutor$BuildOperationState;Lorg/gradle/internal/operations/DefaultBuildOperationExecutor$BuildOperationExecution;)Lorg/gradle/internal/operations/BuildOperation; (111 bytes) @ 0x0000000004c1bb6c [0x0000000004c1ac00+0xf6c]
J 13344 C2 org.gradle.internal.operations.DelegatingBuildOperationExecutor.call(Lorg/gradle/internal/operations/CallableBuildOperation;)Ljava/lang/Object; (11 bytes) @ 0x0000000003437220 [0x0000000003437020+0x200]
j  org.gradle.workers.internal.AbstractWorker.executeWrappedInBuildOperation(Lorg/gradle/workers/internal/ActionExecutionSpec;Lorg/gradle/internal/operations/BuildOperationRef;Lorg/gradle/workers/internal/AbstractWorker$Work;)Lorg/gradle/workers/internal/DefaultWorkResult;+15
j  org.gradle.workers.internal.NoIsolationWorkerFactory$1.execute(Lorg/gradle/workers/internal/ActionExecutionSpec;Lorg/gradle/internal/operations/BuildOperationRef;)Lorg/gradle/workers/internal/DefaultWorkResult;+11
j  org.gradle.workers.internal.DefaultWorkerExecutor$3.call()Lorg/gradle/workers/internal/DefaultWorkResult;+23
j  org.gradle.workers.internal.DefaultWorkerExecutor$3.call()Ljava/lang/Object;+1
J 6493 C1 java.util.concurrent.FutureTask.run()V (126 bytes) @ 0x00000000043a464c [0x00000000043a4400+0x24c]
j  org.gradle.internal.work.DefaultConditionalExecutionQueue$ExecutionRunner.runExecution(Lorg/gradle/internal/work/ConditionalExecution;)V+6
j  org.gradle.internal.work.DefaultConditionalExecutionQueue$ExecutionRunner.runBatch(Lorg/gradle/internal/work/ConditionalExecution;)V+8
j  org.gradle.internal.work.DefaultConditionalExecutionQueue$ExecutionRunner.run()V+11
J 20667 C2 java.util.concurrent.Executors$RunnableAdapter.call()Ljava/lang/Object; (14 bytes) @ 0x0000000003e54d88 [0x0000000003e54d40+0x48]
J 6493 C1 java.util.concurrent.FutureTask.run()V (126 bytes) @ 0x00000000043a464c [0x00000000043a4400+0x24c]
J 21490 C2 org.gradle.internal.concurrent.ManagedExecutorImpl$1.run()V (59 bytes) @ 0x0000000004827ed4 [0x0000000004827da0+0x134]
J 21592 C1 java.util.concurrent.ThreadPoolExecutor.runWorker(Ljava/util/concurrent/ThreadPoolExecutor$Worker;)V (225 bytes) @ 0x0000000004c4ab24 [0x0000000004c49ae0+0x1044]
J 23206 C1 java.util.concurrent.ThreadPoolExecutor$Worker.run()V (9 bytes) @ 0x00000000054ee884 [0x00000000054ee780+0x104]
J 23524 C1 org.gradle.internal.concurrent.ThreadFactoryImpl$ManagedThreadRunnable.run()V (13 bytes) @ 0x00000000046c4774 [0x00000000046c4220+0x554]
J 23165 C1 java.lang.Thread.run()V (17 bytes) @ 0x00000000045821c4 [0x0000000004582080+0x144]
v  ~StubRoutines::call_stub

---------------  P R O C E S S  ---------------

Java Threads: ( => current thread )
  0x000000001a164000 JavaThread "ForkJoinPool-53-worker-0" daemon [_thread_blocked, id=6260, stack(0x0000000035090000,0x0000000035190000)]
  0x000000002b98f800 JavaThread "ForkJoinPool-53-worker-3" daemon [_thread_blocked, id=13560, stack(0x0000000034f90000,0x0000000035090000)]
  0x000000002b98d000 JavaThread "ForkJoinPool-53-worker-2" daemon [_thread_blocked, id=15516, stack(0x000000002ef10000,0x000000002f010000)]
  0x000000002b985800 JavaThread "ForkJoinPool-53-worker-1" daemon [_thread_blocked, id=9436, stack(0x000000002ee10000,0x000000002ef10000)]
  0x000000002b98c800 JavaThread "WorkerExecutor Queue Thread 4" [_thread_blocked, id=2732, stack(0x000000002eb60000,0x000000002ec60000)]
  0x000000002b98b800 JavaThread "stdout" [_thread_in_native, id=17968, stack(0x000000002b360000,0x000000002b460000)]
  0x000000002b988800 JavaThread "stderr" [_thread_in_native, id=9420, stack(0x000000002b260000,0x000000002b360000)]
  0x000000002b985000 JavaThread "WorkerExecutor Queue Thread 3" [_thread_blocked, id=4508, stack(0x000000002b160000,0x000000002b260000)]
=>0x000000002b98b000 JavaThread "WorkerExecutor Queue Thread 2" [_thread_in_vm, id=11804, stack(0x0000000028c80000,0x0000000028d80000)]
  0x000000001d40f000 JavaThread "pool-50-thread-1" [_thread_blocked, id=13304, stack(0x0000000025c10000,0x0000000025d10000)]
  0x000000001d40d800 JavaThread "WorkerExecutor Queue" [_thread_blocked, id=15304, stack(0x0000000025b10000,0x0000000025c10000)]
  0x000000001d412000 JavaThread "Cache worker for execution history cache (D:\Application\Bitbucket_Project\bob_android\.gradle\5.6.4\executionHistory)" [_thread_blocked, id=9640, stack(0x0000000025410000,0x0000000025510000)]
  0x000000001d40e800 JavaThread "Execution worker for ':' Thread 3" [_thread_blocked, id=13532, stack(0x0000000024b10000,0x0000000024c10000)]
  0x000000001d410800 JavaThread "Execution worker for ':' Thread 2" [_thread_blocked, id=15460, stack(0x0000000024410000,0x0000000024510000)]
  0x000000001d406000 JavaThread "Execution worker for ':'" [_thread_blocked, id=1128, stack(0x0000000024210000,0x0000000024310000)]
  0x000000001d405800 JavaThread "Cache worker for file content cache (D:\Application\Bitbucket_Project\bob_android\.gradle\5.6.4\fileContent)" [_thread_blocked, id=18012, stack(0x0000000023f10000,0x0000000024010000)]
  0x000000001d403000 JavaThread "Cache worker for Build Output Cleanup Cache (D:\Application\Bitbucket_Project\bob_android\.gradle\buildOutputCleanup)" [_thread_blocked, id=10292, stack(0x0000000023c10000,0x0000000023d10000)]
  0x000000001d40a000 JavaThread "Build operations Thread 4" [_thread_blocked, id=5092, stack(0x0000000023b10000,0x0000000023c10000)]
  0x000000001d408800 JavaThread "Build operations Thread 3" [_thread_blocked, id=11028, stack(0x0000000022600000,0x0000000022700000)]
  0x000000001afc8800 JavaThread "Build operations Thread 2" [_thread_blocked, id=15072, stack(0x0000000021900000,0x0000000021a00000)]
  0x000000001afca000 JavaThread "Build operations" [_thread_blocked, id=17740, stack(0x0000000021200000,0x0000000021300000)]
  0x000000001afc7000 JavaThread "Cache worker for cache directory md-rule (C:\Users\admin\.gradle\caches\5.6.4\md-rule)" [_thread_blocked, id=16596, stack(0x0000000020d50000,0x0000000020e50000)]
  0x000000001afbc800 JavaThread "Cache worker for cache directory md-supplier (C:\Users\admin\.gradle\caches\5.6.4\md-supplier)" [_thread_blocked, id=10108, stack(0x0000000020c50000,0x0000000020d50000)]
  0x000000001afc0000 JavaThread "Cache worker for file hash cache (D:\Application\Bitbucket_Project\bob_android\.gradle\5.6.4\fileHashes)" [_thread_blocked, id=17428, stack(0x0000000020700000,0x0000000020800000)]
  0x000000001afc1800 JavaThread "Thread-610" [_thread_blocked, id=16424, stack(0x000000001ec20000,0x000000001ed20000)]
  0x000000001afbf800 JavaThread "Stdin handler" [_thread_blocked, id=8976, stack(0x000000001c380000,0x000000001c480000)]
  0x000000001afbe800 JavaThread "Asynchronous log dispatcher for DefaultDaemonConnection: socket connection from /127.0.0.1:50041 to /127.0.0.1:52258" [_thread_blocked, id=16404, stack(0x000000001c080000,0x000000001c180000)]
  0x000000001afbb800 JavaThread "Cancel handler" [_thread_blocked, id=17260, stack(0x000000001bc80000,0x000000001bd80000)]
  0x000000001afc2800 JavaThread "Handler for socket connection from /127.0.0.1:50041 to /127.0.0.1:52258" [_thread_in_native, id=15144, stack(0x000000001bb80000,0x000000001bc80000)]
  0x000000002b981000 JavaThread "Daemon worker Thread 19" [_thread_blocked, id=17924, stack(0x000000001bf80000,0x000000001c080000)]
  0x000000002b983800 JavaThread "Daemon Thread 19" [_thread_blocked, id=18132, stack(0x0000000001580000,0x0000000001680000)]
  0x000000001d411800 JavaThread "Cache worker for Java compile cache (C:\Users\admin\.gradle\caches\5.6.4\javaCompile)" [_thread_blocked, id=9984, stack(0x0000000024310000,0x0000000024410000)]
  0x000000001d404800 JavaThread "Cache worker for file content cache (C:\Users\admin\.gradle\caches\5.6.4\fileContent)" [_thread_blocked, id=12124, stack(0x0000000022500000,0x0000000022600000)]
  0x000000001d407800 JavaThread "Memory manager" [_thread_blocked, id=4860, stack(0x0000000022400000,0x0000000022500000)]
  0x000000001d409000 JavaThread "Cache worker for execution history cache (C:\Users\admin\.gradle\caches\5.6.4\executionHistory)" [_thread_blocked, id=12088, stack(0x0000000020f00000,0x0000000021000000)]
  0x0000000018c47800 JavaThread "Cache worker for journal cache (C:\Users\admin\.gradle\caches\journal-1)" [_thread_blocked, id=16616, stack(0x000000001c880000,0x000000001c980000)]
  0x0000000018c49000 JavaThread "File lock request listener" [_thread_in_native, id=10584, stack(0x000000001c580000,0x000000001c680000)]
  0x0000000018c4a000 JavaThread "Cache worker for file hash cache (C:\Users\admin\.gradle\caches\5.6.4\fileHashes)" [_thread_blocked, id=16160, stack(0x000000001c480000,0x000000001c580000)]
  0x000000001a588800 JavaThread "Daemon periodic checks" [_thread_blocked, id=11884, stack(0x000000001ba80000,0x000000001bb80000)]
  0x000000001a4fe000 JavaThread "Incoming local TCP Connector on port 50041" [_thread_in_native, id=3380, stack(0x000000001b840000,0x000000001b940000)]
  0x00000000187ac000 JavaThread "Daemon health stats" [_thread_blocked, id=12116, stack(0x000000001b200000,0x000000001b300000)]
  0x0000000018488800 JavaThread "Service Thread" daemon [_thread_blocked, id=16744, stack(0x0000000018860000,0x0000000018960000)]
  0x0000000016b08000 JavaThread "C1 CompilerThread2" daemon [_thread_blocked, id=16704, stack(0x0000000018360000,0x0000000018460000)]
  0x0000000016b01000 JavaThread "C2 CompilerThread1" daemon [_thread_blocked, id=16812, stack(0x0000000018260000,0x0000000018360000)]
  0x0000000016afd800 JavaThread "C2 CompilerThread0" daemon [_thread_blocked, id=15808, stack(0x0000000018160000,0x0000000018260000)]
  0x0000000016afb000 JavaThread "Attach Listener" daemon [_thread_blocked, id=5964, stack(0x0000000018060000,0x0000000018160000)]
  0x0000000016afa000 JavaThread "Signal Dispatcher" daemon [_thread_blocked, id=9644, stack(0x0000000017f60000,0x0000000018060000)]
  0x000000000318c800 JavaThread "Finalizer" daemon [_thread_blocked, id=10836, stack(0x0000000017d60000,0x0000000017e60000)]
  0x0000000016ae9000 JavaThread "Reference Handler" daemon [_thread_blocked, id=4972, stack(0x0000000017c60000,0x0000000017d60000)]
  0x0000000002eee000 JavaThread "main" [_thread_blocked, id=16912, stack(0x0000000002f90000,0x0000000003090000)]

Other Threads:
  0x0000000016ac6800 VMThread [stack: 0x0000000017b60000,0x0000000017c60000] [id=3776]
  0x0000000016b5e800 WatcherThread [stack: 0x0000000018960000,0x0000000018a60000] [id=14704]

VM state:synchronizing (normal execution)

VM Mutex/Monitor currently owned by a thread:  ([mutex/lock_event])
[0x0000000002eed3a0] Threads_lock - owner thread: 0x0000000016ac6800

heap address: 0x00000000a0000000, size: 1536 MB, Compressed Oops mode: 32-bit
Narrow klass base: 0x0000000000000000, Narrow klass shift: 3
Compressed class space size: 1073741824 Address: 0x0000000100000000

Heap:
 PSYoungGen      total 413696K, used 339937K [0x00000000e0000000, 0x00000000fe600000, 0x0000000100000000)
  eden space 401408K, 81% used [0x00000000e0000000,0x00000000f4057198,0x00000000f8800000)
  from space 12288K, 96% used [0x00000000f9700000,0x00000000fa2a1630,0x00000000fa300000)
  to   space 48128K, 0% used [0x00000000fb700000,0x00000000fb700000,0x00000000fe600000)
 ParOldGen       total 251904K, used 221990K [0x00000000a0000000, 0x00000000af600000, 0x00000000e0000000)
  object space 251904K, 88% used [0x00000000a0000000,0x00000000ad8c9be8,0x00000000af600000)
 Metaspace       used 94324K, capacity 100931K, committed 101208K, reserved 1136640K
  class space    used 12021K, capacity 13117K, committed 13144K, reserved 1048576K

Card table byte_map: [0x0000000012550000,0x0000000012860000] byte_map_base: 0x0000000012050000

Marking Bits: (ParMarkBitMap*) 0x0000000050c89f30
 Begin Bits: [0x0000000012e60000, 0x0000000014660000)
 End Bits:   [0x0000000014660000, 0x0000000015e60000)

Polling page: 0x0000000000df0000

CodeCache: size=245760Kb used=72434Kb max_used=76356Kb free=173325Kb
 bounds [0x0000000003190000, 0x0000000007ca0000, 0x0000000012190000]
 total_blobs=21793 nmethods=20923 adapters=781
 compilation: enabled

Compilation events (10 events):
Event: 12955.294 Thread 0x0000000016afd800 27699       4       com.android.tools.r8.graph.DexDebugEvent$i::<init> (25 bytes)
Event: 12955.295 Thread 0x0000000016afd800 nmethod 27699 0x000000000341f410 code [0x000000000341f540, 0x000000000341f5d8]
Event: 12955.300 Thread 0x0000000016afd800 27704       4       com.android.tools.r8.code.o1$a::<init> (28 bytes)
Event: 12955.302 Thread 0x0000000016afd800 nmethod 27704 0x0000000004f60490 code [0x0000000004f605c0, 0x0000000004f60638]
Event: 12955.497 Thread 0x0000000016afd800 27741       4       com.android.tools.r8.code.Z2::a (11 bytes)
Event: 12955.504 Thread 0x0000000016b08000 27742       1       com.android.tools.r8.code.z0::a (1 bytes)
Event: 12955.504 Thread 0x0000000016b08000 nmethod 27742 0x0000000003e68f90 code [0x0000000003e690e0, 0x0000000003e691f0]
Event: 12955.507 Thread 0x0000000016afd800 nmethod 27741 0x0000000004e1e510 code [0x0000000004e1e6c0, 0x0000000004e1ead0]
Event: 12955.507 Thread 0x0000000016afd800 27743       4       com.android.tools.r8.code.P0::a (11 bytes)
Event: 12955.531 Thread 0x0000000016afd800 nmethod 27743 0x000000000715bed0 code [0x000000000715c100, 0x000000000715c908]

GC Heap History (10 events):
Event: 5351.684 GC heap before
{Heap before GC invocations=63 (full 4):
 PSYoungGen      total 469504K, used 445203K [0x00000000e0000000, 0x0000000100000000, 0x0000000100000000)
  eden space 420352K, 100% used [0x00000000e0000000,0x00000000f9a80000,0x00000000f9a80000)
  from space 49152K, 50% used [0x00000000fca00000,0x00000000fe244fa0,0x00000000ffa00000)
  to   space 48640K, 0% used [0x00000000f9a80000,0x00000000f9a80000,0x00000000fca00000)
 ParOldGen       total 251904K, used 221982K [0x00000000a0000000, 0x00000000af600000, 0x00000000e0000000)
  object space 251904K, 88% used [0x00000000a0000000,0x00000000ad8c7be8,0x00000000af600000)
 Metaspace       used 92335K, capacity 98763K, committed 99032K, reserved 1134592K
  class space    used 11851K, capacity 12923K, committed 13016K, reserved 1048576K
Event: 5351.742 GC heap after
Heap after GC invocations=63 (full 4):
 PSYoungGen      total 468480K, used 47739K [0x00000000e0000000, 0x0000000100000000, 0x0000000100000000)
  eden space 420352K, 0% used [0x00000000e0000000,0x00000000e0000000,0x00000000f9a80000)
  from space 48128K, 99% used [0x00000000f9a80000,0x00000000fc91eef8,0x00000000fc980000)
  to   space 55808K, 0% used [0x00000000fc980000,0x00000000fc980000,0x0000000100000000)
 ParOldGen       total 251904K, used 221982K [0x00000000a0000000, 0x00000000af600000, 0x00000000e0000000)
  object space 251904K, 88% used [0x00000000a0000000,0x00000000ad8c7be8,0x00000000af600000)
 Metaspace       used 92335K, capacity 98763K, committed 99032K, reserved 1134592K
  class space    used 11851K, capacity 12923K, committed 13016K, reserved 1048576K
}
Event: 5571.417 GC heap before
{Heap before GC invocations=64 (full 4):
 PSYoungGen      total 468480K, used 468091K [0x00000000e0000000, 0x0000000100000000, 0x0000000100000000)
  eden space 420352K, 100% used [0x00000000e0000000,0x00000000f9a80000,0x00000000f9a80000)
  from space 48128K, 99% used [0x00000000f9a80000,0x00000000fc91eef8,0x00000000fc980000)
  to   space 55808K, 0% used [0x00000000fc980000,0x00000000fc980000,0x0000000100000000)
 ParOldGen       total 251904K, used 221982K [0x00000000a0000000, 0x00000000af600000, 0x00000000e0000000)
  object space 251904K, 88% used [0x00000000a0000000,0x00000000ad8c7be8,0x00000000af600000)
 Metaspace       used 92409K, capacity 98763K, committed 99032K, reserved 1134592K
  class space    used 11851K, capacity 12923K, committed 13016K, reserved 1048576K
Event: 5571.444 GC heap after
Heap after GC invocations=64 (full 4):
 PSYoungGen      total 470528K, used 24484K [0x00000000e0000000, 0x0000000100000000, 0x0000000100000000)
  eden space 414720K, 0% used [0x00000000e0000000,0x00000000e0000000,0x00000000f9500000)
  from space 55808K, 43% used [0x00000000fc980000,0x00000000fe169050,0x0000000100000000)
  to   space 53760K, 0% used [0x00000000f9500000,0x00000000f9500000,0x00000000fc980000)
 ParOldGen       total 251904K, used 221982K [0x00000000a0000000, 0x00000000af600000, 0x00000000e0000000)
  object space 251904K, 88% used [0x00000000a0000000,0x00000000ad8c7be8,0x00000000af600000)
 Metaspace       used 92409K, capacity 98763K, committed 99032K, reserved 1134592K
  class space    used 11851K, capacity 12923K, committed 13016K, reserved 1048576K
}
Event: 5922.250 GC heap before
{Heap before GC invocations=65 (full 4):
 PSYoungGen      total 470528K, used 439204K [0x00000000e0000000, 0x0000000100000000, 0x0000000100000000)
  eden space 414720K, 100% used [0x00000000e0000000,0x00000000f9500000,0x00000000f9500000)
  from space 55808K, 43% used [0x00000000fc980000,0x00000000fe169050,0x0000000100000000)
  to   space 53760K, 0% used [0x00000000f9500000,0x00000000f9500000,0x00000000fc980000)
 ParOldGen       total 251904K, used 221982K [0x00000000a0000000, 0x00000000af600000, 0x00000000e0000000)
  object space 251904K, 88% used [0x00000000a0000000,0x00000000ad8c7be8,0x00000000af600000)
 Metaspace       used 92728K, capacity 99261K, committed 99544K, reserved 1136640K
  class space    used 11879K, capacity 12974K, committed 13016K, reserved 1048576K
Event: 5922.395 GC heap after
Heap after GC invocations=65 (full 4):
 PSYoungGen      total 431104K, used 16032K [0x00000000e0000000, 0x00000000ffa00000, 0x0000000100000000)
  eden space 414720K, 0% used [0x00000000e0000000,0x00000000e0000000,0x00000000f9500000)
  from space 16384K, 97% used [0x00000000f9500000,0x00000000fa4a8128,0x00000000fa500000)
  to   space 51712K, 0% used [0x00000000fc780000,0x00000000fc780000,0x00000000ffa00000)
 ParOldGen       total 251904K, used 221982K [0x00000000a0000000, 0x00000000af600000, 0x00000000e0000000)
  object space 251904K, 88% used [0x00000000a0000000,0x00000000ad8c7be8,0x00000000af600000)
 Metaspace       used 92728K, capacity 99261K, committed 99544K, reserved 1136640K
  class space    used 11879K, capacity 12974K, committed 13016K, reserved 1048576K
}
Event: 6919.371 GC heap before
{Heap before GC invocations=66 (full 4):
 PSYoungGen      total 431104K, used 430752K [0x00000000e0000000, 0x00000000ffa00000, 0x0000000100000000)
  eden space 414720K, 100% used [0x00000000e0000000,0x00000000f9500000,0x00000000f9500000)
  from space 16384K, 97% used [0x00000000f9500000,0x00000000fa4a8128,0x00000000fa500000)
  to   space 51712K, 0% used [0x00000000fc780000,0x00000000fc780000,0x00000000ffa00000)
 ParOldGen       total 251904K, used 221982K [0x00000000a0000000, 0x00000000af600000, 0x00000000e0000000)
  object space 251904K, 88% used [0x00000000a0000000,0x00000000ad8c7be8,0x00000000af600000)
 Metaspace       used 93011K, capacity 99733K, committed 99800K, reserved 1136640K
  class space    used 11886K, capacity 12986K, committed 13016K, reserved 1048576K
Event: 6919.421 GC heap after
Heap after GC invocations=66 (full 4):
 PSYoungGen      total 468480K, used 16539K [0x00000000e0000000, 0x00000000ffe00000, 0x0000000100000000)
  eden space 416768K, 0% used [0x00000000e0000000,0x00000000e0000000,0x00000000f9700000)
  from space 51712K, 31% used [0x00000000fc780000,0x00000000fd7a6cb8,0x00000000ffa00000)
  to   space 49664K, 0% used [0x00000000f9700000,0x00000000f9700000,0x00000000fc780000)
 ParOldGen       total 251904K, used 221990K [0x00000000a0000000, 0x00000000af600000, 0x00000000e0000000)
  object space 251904K, 88% used [0x00000000a0000000,0x00000000ad8c9be8,0x00000000af600000)
 Metaspace       used 93011K, capacity 99733K, committed 99800K, reserved 1136640K
  class space    used 11886K, capacity 12986K, committed 13016K, reserved 1048576K
}
Event: 12926.663 GC heap before
{Heap before GC invocations=67 (full 4):
 PSYoungGen      total 468480K, used 433307K [0x00000000e0000000, 0x00000000ffe00000, 0x0000000100000000)
  eden space 416768K, 100% used [0x00000000e0000000,0x00000000f9700000,0x00000000f9700000)
  from space 51712K, 31% used [0x00000000fc780000,0x00000000fd7a6cb8,0x00000000ffa00000)
  to   space 49664K, 0% used [0x00000000f9700000,0x00000000f9700000,0x00000000fc780000)
 ParOldGen       total 251904K, used 221990K [0x00000000a0000000, 0x00000000af600000, 0x00000000e0000000)
  object space 251904K, 88% used [0x00000000a0000000,0x00000000ad8c9be8,0x00000000af600000)
 Metaspace       used 93171K, capacity 99753K, committed 99800K, reserved 1136640K
  class space    used 11891K, capacity 12988K, committed 13016K, reserved 1048576K
Event: 12926.911 GC heap after
Heap after GC invocations=67 (full 4):
 PSYoungGen      total 413696K, used 11909K [0x00000000e0000000, 0x00000000fe600000, 0x0000000100000000)
  eden space 401408K, 0% used [0x00000000e0000000,0x00000000e0000000,0x00000000f8800000)
  from space 12288K, 96% used [0x00000000f9700000,0x00000000fa2a1630,0x00000000fa300000)
  to   space 48128K, 0% used [0x00000000fb700000,0x00000000fb700000,0x00000000fe600000)
 ParOldGen       total 251904K, used 221990K [0x00000000a0000000, 0x00000000af600000, 0x00000000e0000000)
  object space 251904K, 88% used [0x00000000a0000000,0x00000000ad8c9be8,0x00000000af600000)
 Metaspace       used 93171K, capacity 99753K, committed 99800K, reserved 1136640K
  class space    used 11891K, capacity 12988K, committed 13016K, reserved 1048576K
}

Deoptimization events (10 events):
Event: 12946.759 Thread 0x000000001d410800 Uncommon trap: reason=class_check action=maybe_recompile pc=0x000000000646b534 method=com.android.ide.common.resources.NodeUtils.processSingleNodeNamespace(Lorg/w3c/dom/Node;Lorg/w3c/dom/Document;)Z @ 100
Event: 12946.759 Thread 0x000000001d410800 Uncommon trap: reason=class_check action=maybe_recompile pc=0x000000000646b534 method=com.android.ide.common.resources.NodeUtils.processSingleNodeNamespace(Lorg/w3c/dom/Node;Lorg/w3c/dom/Document;)Z @ 100
Event: 12946.759 Thread 0x000000001d410800 Uncommon trap: reason=class_check action=maybe_recompile pc=0x000000000646b534 method=com.android.ide.common.resources.NodeUtils.processSingleNodeNamespace(Lorg/w3c/dom/Node;Lorg/w3c/dom/Document;)Z @ 100
Event: 12946.761 Thread 0x000000001d410800 Uncommon trap: reason=class_check action=maybe_recompile pc=0x000000000646b534 method=com.android.ide.common.resources.NodeUtils.processSingleNodeNamespace(Lorg/w3c/dom/Node;Lorg/w3c/dom/Document;)Z @ 100
Event: 12946.903 Thread 0x000000001d410800 Uncommon trap: reason=unstable_if action=reinterpret pc=0x000000000645a638 method=com.android.utils.XmlUtils.toXmlAttributeValue(Ljava/lang/String;)Ljava/lang/String; @ 33
Event: 12946.946 Thread 0x000000001d410800 Uncommon trap: reason=bimorphic action=maybe_recompile pc=0x00000000071230e8 method=java.io.Writer.append(Ljava/lang/CharSequence;)Ljava/io/Writer; @ 20
Event: 12946.954 Thread 0x000000001d410800 Uncommon trap: reason=unstable_if action=reinterpret pc=0x00000000070f6418 method=sun.nio.cs.UTF_8$Encoder.encodeArrayLoop(Ljava/nio/CharBuffer;Ljava/nio/ByteBuffer;)Ljava/nio/charset/CoderResult; @ 87
Event: 12946.955 Thread 0x000000001d410800 Uncommon trap: reason=unstable_if action=reinterpret pc=0x0000000005815a04 method=sun.nio.cs.UTF_8$Encoder.encodeArrayLoop(Ljava/nio/CharBuffer;Ljava/nio/ByteBuffer;)Ljava/nio/charset/CoderResult; @ 87
Event: 12953.028 Thread 0x000000001d412000 Uncommon trap: reason=unstable_if action=reinterpret pc=0x00000000076b5a4c method=org.gradle.internal.fingerprint.impl.DefaultFileSystemLocationFingerprint.getType()Lorg/gradle/internal/file/FileType; @ 21
Event: 12953.028 Thread 0x000000001d412000 Uncommon trap: reason=unstable_if action=reinterpret pc=0x0000000004d26314 method=org.gradle.internal.fingerprint.impl.DefaultFileSystemLocationFingerprint.getType()Lorg/gradle/internal/file/FileType; @ 21

Classes redefined (0 events):
No events

Internal exceptions (10 events):
Event: 12928.468 Thread 0x000000002b981000 Implicit null exception at 0x0000000005ccfc7f to 0x0000000005ccfe9d
Event: 12928.470 Thread 0x000000002b981000 Implicit null exception at 0x000000000336721a to 0x000000000336726d
Event: 12928.831 Thread 0x000000002b981000 Exception <a 'java/lang/reflect/InvocationTargetException'> (0x00000000e1a51670) thrown at [D:\src\AOSP-openjdk-cygwin\jdk8u\hotspot\src\share\vm\runtime\reflection.cpp, line 1092]
Event: 12929.212 Thread 0x000000002b981000 Exception <a 'sun/nio/fs/WindowsException'> (0x00000000e1b83ae0) thrown at [D:\src\AOSP-openjdk-cygwin\jdk8u\hotspot\src\share\vm\prims\jni.cpp, line 710]
Event: 12942.972 Thread 0x000000001d410800 Implicit null exception at 0x0000000005e94b1e to 0x0000000005e94f85
Event: 12946.694 Thread 0x000000001d410800 Implicit null exception at 0x00000000065057b5 to 0x0000000006505839
Event: 12946.744 Thread 0x000000001d410800 Implicit null exception at 0x00000000078ccb97 to 0x00000000078ccf01
Event: 12947.701 Thread 0x000000001d410800 Exception <a 'java/lang/NoSuchMethodError': <clinit>> (0x00000000e819c9b8) thrown at [D:\src\AOSP-openjdk-cygwin\jdk8u\hotspot\src\share\vm\prims\jni.cpp, line 1614]
Event: 12947.704 Thread 0x000000001d410800 Exception <a 'java/lang/NoSuchMethodError': <clinit>> (0x00000000e81b17b0) thrown at [D:\src\AOSP-openjdk-cygwin\jdk8u\hotspot\src\share\vm\prims\jni.cpp, line 1614]
Event: 12953.371 Thread 0x000000002b98b000 Exception <a 'sun/nio/fs/WindowsException'> (0x00000000ea2351b8) thrown at [D:\src\AOSP-openjdk-cygwin\jdk8u\hotspot\src\share\vm\prims\jni.cpp, line 710]

Events (10 events):
Event: 12955.215 Thread 0x0000000016b08000 flushing nmethod 0x0000000005584010
Event: 12955.216 Thread 0x0000000016b08000 flushing nmethod 0x00000000055848d0
Event: 12955.221 Thread 0x0000000016b08000 flushing nmethod 0x0000000005be3210
Event: 12955.291 Thread 0x0000000016afd800 flushing nmethod 0x0000000005f0d510
Event: 12955.293 Thread 0x0000000016afd800 flushing nmethod 0x0000000006161110
Event: 12955.296 Thread 0x0000000016afd800 flushing nmethod 0x000000000637fe50
Event: 12955.299 Thread 0x0000000016afd800 flushing nmethod 0x00000000069a6190
Event: 12955.303 Thread 0x0000000016afd800 flushing nmethod 0x0000000006e11450
Event: 12955.304 Thread 0x0000000016afd800 flushing nmethod 0x0000000006f4a9d0
Event: 12955.507 Thread 0x0000000016b08000 flushing nmethod 0x00000000077c0e90


Dynamic libraries:
0x00007ff702b80000 - 0x00007ff702bb1000 	C:\Program Files\Android\Android Studio1\jre\bin\java.exe
0x00007ff997be0000 - 0x00007ff997dd0000 	C:\WINDOWS\SYSTEM32\ntdll.dll
0x00007ff997840000 - 0x00007ff9978f2000 	C:\WINDOWS\System32\KERNEL32.DLL
0x00007ff995990000 - 0x00007ff995c35000 	C:\WINDOWS\System32\KERNELBASE.dll
0x00007ff996da0000 - 0x00007ff996e43000 	C:\WINDOWS\System32\ADVAPI32.dll
0x00007ff996160000 - 0x00007ff9961fe000 	C:\WINDOWS\System32\msvcrt.dll
0x00007ff997b00000 - 0x00007ff997b97000 	C:\WINDOWS\System32\sechost.dll
0x00007ff9979e0000 - 0x00007ff997aff000 	C:\WINDOWS\System32\RPCRT4.dll
0x00007ff996350000 - 0x00007ff9964e4000 	C:\WINDOWS\System32\USER32.dll
0x00007ff995130000 - 0x00007ff995151000 	C:\WINDOWS\System32\win32u.dll
0x00007ff996120000 - 0x00007ff996146000 	C:\WINDOWS\System32\GDI32.dll
0x00007ff994d00000 - 0x00007ff994e98000 	C:\WINDOWS\System32\gdi32full.dll
0x00007ff994b60000 - 0x00007ff994bfe000 	C:\WINDOWS\System32\msvcp_win.dll
0x00007ff994c00000 - 0x00007ff994cfa000 	C:\WINDOWS\System32\ucrtbase.dll
0x00007ff983410000 - 0x00007ff983694000 	C:\WINDOWS\WinSxS\amd64_microsoft.windows.common-controls_6595b64144ccf1df_6.0.18362.1379_none_9e7ff3b3e45cc0c4\COMCTL32.dll
0x00007ff997500000 - 0x00007ff997837000 	C:\WINDOWS\System32\combase.dll
0x00007ff994ea0000 - 0x00007ff994f21000 	C:\WINDOWS\System32\bcryptPrimitives.dll
0x00007ff9960f0000 - 0x00007ff99611e000 	C:\WINDOWS\System32\IMM32.DLL
0x00000000515a0000 - 0x0000000051672000 	C:\Program Files\Android\Android Studio1\jre\jre\bin\msvcr100.dll
0x00000000504c0000 - 0x0000000050d06000 	C:\Program Files\Android\Android Studio1\jre\jre\bin\server\jvm.dll
0x00007ff996150000 - 0x00007ff996158000 	C:\WINDOWS\System32\PSAPI.DLL
0x00007ff991720000 - 0x00007ff991744000 	C:\WINDOWS\SYSTEM32\WINMM.dll
0x00007ff9896a0000 - 0x00007ff9896aa000 	C:\WINDOWS\SYSTEM32\VERSION.dll
0x00007ff988a30000 - 0x00007ff988a39000 	C:\WINDOWS\SYSTEM32\WSOCK32.dll
0x00007ff9916f0000 - 0x00007ff99171d000 	C:\WINDOWS\SYSTEM32\winmmbase.dll
0x00007ff997490000 - 0x00007ff9974ff000 	C:\WINDOWS\System32\WS2_32.dll
0x00007ff995c40000 - 0x00007ff995c8a000 	C:\WINDOWS\System32\cfgmgr32.dll
0x00007ff98f300000 - 0x00007ff98f30f000 	C:\Program Files\Android\Android Studio1\jre\jre\bin\verify.dll
0x00007ff98f140000 - 0x00007ff98f169000 	C:\Program Files\Android\Android Studio1\jre\jre\bin\java.dll
0x00007ff98f120000 - 0x00007ff98f136000 	C:\Program Files\Android\Android Studio1\jre\jre\bin\zip.dll
0x00007ff9966b0000 - 0x00007ff996d98000 	C:\WINDOWS\System32\SHELL32.dll
0x00007ff995c90000 - 0x00007ff995d37000 	C:\WINDOWS\System32\shcore.dll
0x00007ff995180000 - 0x00007ff9958fb000 	C:\WINDOWS\System32\windows.storage.dll
0x00007ff994b10000 - 0x00007ff994b33000 	C:\WINDOWS\System32\profapi.dll
0x00007ff994ac0000 - 0x00007ff994b0a000 	C:\WINDOWS\System32\powrprof.dll
0x00007ff994a90000 - 0x00007ff994aa0000 	C:\WINDOWS\System32\UMPDC.dll
0x00007ff995db0000 - 0x00007ff995e02000 	C:\WINDOWS\System32\shlwapi.dll
0x00007ff994aa0000 - 0x00007ff994ab1000 	C:\WINDOWS\System32\kernel.appcore.dll
0x00007ff995160000 - 0x00007ff995177000 	C:\WINDOWS\System32\cryptsp.dll
0x00007ff98f020000 - 0x00007ff98f03a000 	C:\Program Files\Android\Android Studio1\jre\jre\bin\net.dll
0x00007ff9867f0000 - 0x00007ff9869c6000 	C:\WINDOWS\SYSTEM32\urlmon.dll
0x00007ff986af0000 - 0x00007ff986d97000 	C:\WINDOWS\SYSTEM32\iertutil.dll
0x00007ff994440000 - 0x00007ff99444c000 	C:\WINDOWS\SYSTEM32\CRYPTBASE.DLL
0x00007ff994270000 - 0x00007ff9942d7000 	C:\WINDOWS\system32\mswsock.dll
0x00007ff98f000000 - 0x00007ff98f013000 	C:\Program Files\Android\Android Studio1\jre\jre\bin\nio.dll
0x00007ff983140000 - 0x00007ff983166000 	C:\Users\admin\.gradle\native\30\windows-amd64\native-platform.dll
0x00007ff98f110000 - 0x00007ff98f11d000 	C:\Program Files\Android\Android Studio1\jre\jre\bin\management.dll
0x00007ff993df0000 - 0x00007ff993e23000 	C:\WINDOWS\system32\rsaenh.dll
0x00007ff995900000 - 0x00007ff995926000 	C:\WINDOWS\System32\bcrypt.dll
0x00007ff9949b0000 - 0x00007ff9949d5000 	C:\WINDOWS\SYSTEM32\USERENV.dll
0x00007ff993f80000 - 0x00007ff993fba000 	C:\WINDOWS\SYSTEM32\IPHLPAPI.DLL
0x00007ff995d40000 - 0x00007ff995d48000 	C:\WINDOWS\System32\NSI.dll
0x00007ff98dbb0000 - 0x00007ff98dbc6000 	C:\WINDOWS\SYSTEM32\dhcpcsvc6.DLL
0x00007ff98dc80000 - 0x00007ff98dc9c000 	C:\WINDOWS\SYSTEM32\dhcpcsvc.DLL
0x00007ff993fc0000 - 0x00007ff99408b000 	C:\WINDOWS\SYSTEM32\DNSAPI.dll
0x00007ff9862f0000 - 0x00007ff9864e4000 	C:\WINDOWS\SYSTEM32\dbghelp.dll

VM Arguments:
jvm_args: -Xmx1536m -Dfile.encoding=windows-1252 -Duser.country=US -Duser.language=en -Duser.variant 
java_command: org.gradle.launcher.daemon.bootstrap.GradleDaemon 5.6.4
java_class_path (initial): C:\Users\admin\.gradle\wrapper\dists\gradle-5.6.4-all\ankdp27end7byghfw1q2sw75f\gradle-5.6.4\lib\gradle-launcher-5.6.4.jar
Launcher Type: SUN_STANDARD

Environment Variables:
JAVA_HOME=C:\Program Files\Java\jdk1.8.0_202
PATH=C:\Program Files (x86)\Common Files\Oracle\Java\javapath;C:\WINDOWS\system32;C:\WINDOWS;C:\WINDOWS\System32\Wbem;C:\WINDOWS\System32\WindowsPowerShell\v1.0\;C:\Program Files\Git\cmd;C:\WINDOWS\System32\OpenSSH\;C:\Program Files (x86)\PuTTY\;";D:\Software\BD\apache-zookeeper-3.5.6-bin\bin;";";%JAVA_HOME%\bin";C:\Program Files\Java\jdk1.8.0_202;C:\Program Files\MySQL\MySQL Shell 8.0\bin\;%USERPROFILE%\AppData\Local\Microsoft\WindowsApps;
USERNAME=admin
OS=Windows_NT
PROCESSOR_IDENTIFIER=Intel64 Family 6 Model 61 Stepping 4, GenuineIntel



---------------  S Y S T E M  ---------------

OS: Windows 10.0 , 64 bit Build 18362 (10.0.18362.1350)

CPU:total 4 (initial active 4) (2 cores per cpu, 2 threads per core) family 6 model 61 stepping 4, cmov, cx8, fxsr, mmx, sse, sse2, sse3, ssse3, sse4.1, sse4.2, popcnt, avx, avx2, aes, clmul, erms, 3dnowpref, lzcnt, ht, tsc, tscinvbit, bmi1, bmi2, adx

Memory: 4k page, physical 8306796k(874168k free), swap 13025388k(2563596k free)

vm_info: OpenJDK 64-Bit Server VM (25.212-b04) for windows-amd64 JRE (1.8.0_212-release-1586-b04), built by "builder" with MS VC++ 10.0 (VS2010)

time: Thu Feb 25 14:10:13 2021
timezone: India Standard Time
elapsed time: 12956 seconds (0d 3h 35m 56s)

